Wed May 07 00:59:07 PDT 2025 : Apache Derby Network Server - 10.10.1.3 - (1557168) started and ready to accept connections on port 1527
----------------------------------------------------------------
Wed May 07 00:59:08 PDT 2025:
Booting Derby version The Apache Software Foundation - Apache Derby - 10.10.1.3 - (1557168): instance a816c00e-0196-a9c1-6af1-fffffbedb8c8 
on database directory C:\Users\Ronewa\libraryManagementSystem\LibraryManagementDB with class loader sun.misc.Launcher$AppClassLoader@1d44bcfa 
Loaded from file:/C:/Program%20Files/Java/jdk1.8.0_31/db/lib/derby.jar
java.vendor=Oracle Corporation
java.runtime.version=1.8.0_31-b13
user.dir=C:\Program Files\Java\jdk1.8.0_31\db
os.name=Windows 8.1
os.arch=amd64
os.version=6.3
derby.system.home=C:\Users\Ronewa\libraryManagementSystem
Database Class Loader started - derby.database.classpath=''
----------------------------------------------------------------
Wed May 07 00:59:10 PDT 2025:
Shutting down instance a816c00e-0196-a9c1-6af1-fffffbedb8c8 on database directory C:\Users\Ronewa\libraryManagementSystem\LibraryManagementDB with class loader sun.misc.Launcher$AppClassLoader@1d44bcfa 
Wed May 07 00:59:10 PDT 2025 Thread[DRDAConnThread_2,5,main] (DATABASE = LibraryManagementDB), (DRDAID = {2}), Database 'LibraryManagementDB' shutdown.
----------------------------------------------------------------
Wed May 07 00:59:46 PDT 2025:
Booting Derby version The Apache Software Foundation - Apache Derby - 10.10.1.3 - (1557168): instance ed8940a7-0196-a9c1-6af1-fffffbedb8c8 
on database directory C:\Users\Ronewa\libraryManagementSystem\LibraryManagementDB with class loader sun.misc.Launcher$AppClassLoader@1d44bcfa 
Loaded from file:/C:/Program%20Files/Java/jdk1.8.0_31/db/lib/derby.jar
java.vendor=Oracle Corporation
java.runtime.version=1.8.0_31-b13
user.dir=C:\Program Files\Java\jdk1.8.0_31\db
os.name=Windows 8.1
os.arch=amd64
os.version=6.3
derby.system.home=C:\Users\Ronewa\libraryManagementSystem
Database Class Loader started - derby.database.classpath=''
